#
# There is insufficient memory for the Java Runtime Environment to continue.
# Native memory allocation (malloc) failed to allocate 71216 bytes for Chunk::new
# Possible reasons:
#   The system is out of physical RAM or swap space
#   The process is running with CompressedOops enabled, and the Java Heap may be blocking the growth of the native heap
# Possible solutions:
#   Reduce memory load on the system
#   Increase physical memory or swap space
#   Check if swap backing store is full
#   Decrease Java heap size (-Xmx/-Xms)
#   Decrease number of Java threads
#   Decrease Java thread stack sizes (-Xss)
#   Set larger code cache with -XX:ReservedCodeCacheSize=
#   JVM is running with Zero Based Compressed Oops mode in which the Java heap is
#     placed in the first 32GB address space. The Java Heap base address is the
#     maximum limit for the native heap growth. Please use -XX:HeapBaseMinAddress
#     to set the Java Heap base and to place the Java Heap above 32GB virtual address.
# This output file may be truncated or incomplete.
#
#  Out of Memory Error (allocation.cpp:389), pid=15752, tid=0x00000000000044a8
#
# JRE version: OpenJDK Runtime Environment (8.0_242-b01) (build 1.8.0_242-release-1644-b01)
# Java VM: OpenJDK 64-Bit Server VM (25.242-b01 mixed mode windows-amd64 compressed oops)
# Failed to write core dump. Minidumps are not enabled by default on client versions of Windows
#

---------------  T H R E A D  ---------------

Current thread (0x000000001b6d0800):  JavaThread "C2 CompilerThread1" daemon [_thread_in_native, id=17576, stack(0x000000001ce40000,0x000000001cf40000)]

Stack: [0x000000001ce40000,0x000000001cf40000]
[error occurred during error reporting (printing stack bounds), id 0xc0000005]

Native frames: (J=compiled Java code, j=interpreted, Vv=VM code, C=native code)


Current CompileTask:
C2:  11990 3100       4       org.jetbrains.kotlin.com.intellij.util.text.CharSequenceSubSequence::toString (64 bytes)


---------------  P R O C E S S  ---------------

Java Threads: ( => current thread )
  0x000000001d088800 JavaThread "Service Thread" daemon [_thread_blocked, id=6292, stack(0x000000001d440000,0x000000001d540000)]
  0x000000001b6d4800 JavaThread "C1 CompilerThread2" daemon [_thread_in_native, id=4188, stack(0x000000001cf40000,0x000000001d040000)]
=>0x000000001b6d0800 JavaThread "C2 CompilerThread1" daemon [_thread_in_native, id=17576, stack(0x000000001ce40000,0x000000001cf40000)]
  0x000000001b6cd000 JavaThread "C2 CompilerThread0" daemon [_thread_in_native, id=12528, stack(0x000000001cd40000,0x000000001ce40000)]
  0x000000001b6cb800 JavaThread "Attach Listener" daemon [_thread_blocked, id=18732, stack(0x000000001cc40000,0x000000001cd40000)]
  0x000000001b6c8800 JavaThread "Signal Dispatcher" daemon [_thread_blocked, id=15448, stack(0x000000001cb40000,0x000000001cc40000)]
  0x00000000024fc800 JavaThread "Finalizer" daemon [_thread_blocked, id=15152, stack(0x000000001c920000,0x000000001ca20000)]
  0x00000000024f7800 JavaThread "Reference Handler" daemon [_thread_blocked, id=16720, stack(0x000000001c820000,0x000000001c920000)]
  0x0000000002406000 JavaThread "main" [_thread_in_Java, id=20404, stack(0x0000000002300000,0x0000000002400000)]

Other Threads:
  0x000000001b687000 VMThread [stack: 0x000000001c720000,0x000000001c820000] [id=13308]
  0x000000001d089800 WatcherThread [stack: 0x000000001d540000,0x000000001d640000] [id=10676]

VM state:not at safepoint (normal execution)

VM Mutex/Monitor currently owned by a thread: None

heap address: 0x00000006c8a00000, size: 3958 MB, Compressed Oops mode: Zero based, Oop shift amount: 3
Narrow klass base: 0x0000000000000000, Narrow klass shift: 3
Compressed class space size: 1073741824 Address: 0x00000007c0000000

Heap:
 PSYoungGen      total 74240K, used 19458K [0x000000076d900000, 0x0000000774980000, 0x00000007c0000000)
  eden space 64000K, 30% used [0x000000076d900000,0x000000076ec008e0,0x0000000771780000)
  from space 10240K, 0% used [0x0000000772180000,0x0000000772180000,0x0000000772b80000)
  to   space 10240K, 0% used [0x0000000771780000,0x0000000771780000,0x0000000772180000)
 ParOldGen       total 113664K, used 19898K [0x00000006c8a00000, 0x00000006cf900000, 0x000000076d900000)
  object space 113664K, 17% used [0x00000006c8a00000,0x00000006c9d6eb20,0x00000006cf900000)
 Metaspace       used 36305K, capacity 36858K, committed 37288K, reserved 1083392K
  class space    used 4606K, capacity 4751K, committed 4864K, reserved 1048576K

Card table byte_map: [0x00000000118c0000,0x0000000012080000] byte_map_base: 0x000000000e27b000

Marking Bits: (ParMarkBitMap*) 0x0000000057c9f030
 Begin Bits: [0x00000000129b0000, 0x0000000016788000)
 End Bits:   [0x0000000016788000, 0x000000001a560000)

Polling page: 0x00000000009a0000

CodeCache: size=245760Kb used=9648Kb max_used=9660Kb free=236111Kb
 bounds [0x0000000002500000, 0x0000000002e80000, 0x0000000011500000]
 total_blobs=3499 nmethods=3062 adapters=349
 compilation: enabled

Compilation events (10 events):
Event: 11.943 Thread 0x000000001b6d4800 3096       3       org.jetbrains.kotlin.metadata.ProtoBuf$Type$Argument::isInitialized (49 bytes)
Event: 11.943 Thread 0x000000001b6d4800 nmethod 3096 0x0000000002e71c10 code [0x0000000002e71da0, 0x0000000002e722a8]
Event: 11.949 Thread 0x000000001b6d0800 3097       4       org.jetbrains.kotlin.com.intellij.util.text.ByteArrayCharSequence::subSequence (27 bytes)
Event: 11.949 Thread 0x000000001b6d4800 3098       3       gnu.trove.THashMap::rehash (124 bytes)
Event: 11.950 Thread 0x000000001b6d4800 nmethod 3098 0x0000000002e72390 code [0x0000000002e72560, 0x0000000002e72f18]
Event: 11.953 Thread 0x000000001b6d0800 nmethod 3097 0x0000000002e76210 code [0x0000000002e76360, 0x0000000002e764d8]
Event: 11.953 Thread 0x000000001b6d0800 3099   !   4       org.jetbrains.kotlin.com.intellij.util.text.StringFactory::createShared (65 bytes)
Event: 11.965 Thread 0x000000001b6d0800 nmethod 3099 0x0000000002e74390 code [0x0000000002e74520, 0x0000000002e748b8]
Event: 11.965 Thread 0x000000001b6d0800 3100       4       org.jetbrains.kotlin.com.intellij.util.text.CharSequenceSubSequence::toString (64 bytes)
Event: 11.977 Thread 0x000000001b6d4800 3102       3       org.jetbrains.org.objectweb.asm.ClassReader::accept (1250 bytes)

GC Heap History (10 events):
Event: 4.349 GC heap before
{Heap before GC invocations=2 (full 0):
 PSYoungGen      total 74240K, used 31366K [0x000000076d900000, 0x0000000772b80000, 0x00000007c0000000)
  eden space 64000K, 33% used [0x000000076d900000,0x000000076eda4438,0x0000000771780000)
  from space 10240K, 99% used [0x0000000771780000,0x000000077217d6e8,0x0000000772180000)
  to   space 10240K, 0% used [0x0000000772180000,0x0000000772180000,0x0000000772b80000)
 ParOldGen       total 169472K, used 4808K [0x00000006c8a00000, 0x00000006d2f80000, 0x000000076d900000)
  object space 169472K, 2% used [0x00000006c8a00000,0x00000006c8eb20e8,0x00000006d2f80000)
 Metaspace       used 20774K, capacity 21146K, committed 21296K, reserved 1069056K
  class space    used 2471K, capacity 2596K, committed 2688K, reserved 1048576K
Event: 4.375 GC heap after
Heap after GC invocations=2 (full 0):
 PSYoungGen      total 74240K, used 9673K [0x000000076d900000, 0x0000000772b80000, 0x00000007c0000000)
  eden space 64000K, 0% used [0x000000076d900000,0x000000076d900000,0x0000000771780000)
  from space 10240K, 94% used [0x0000000772180000,0x0000000772af2758,0x0000000772b80000)
  to   space 10240K, 0% used [0x0000000771780000,0x0000000771780000,0x0000000772180000)
 ParOldGen       total 169472K, used 4880K [0x00000006c8a00000, 0x00000006d2f80000, 0x000000076d900000)
  object space 169472K, 2% used [0x00000006c8a00000,0x00000006c8ec40f8,0x00000006d2f80000)
 Metaspace       used 20774K, capacity 21146K, committed 21296K, reserved 1069056K
  class space    used 2471K, capacity 2596K, committed 2688K, reserved 1048576K
}
Event: 4.375 GC heap before
{Heap before GC invocations=3 (full 1):
 PSYoungGen      total 74240K, used 9673K [0x000000076d900000, 0x0000000772b80000, 0x00000007c0000000)
  eden space 64000K, 0% used [0x000000076d900000,0x000000076d900000,0x0000000771780000)
  from space 10240K, 94% used [0x0000000772180000,0x0000000772af2758,0x0000000772b80000)
  to   space 10240K, 0% used [0x0000000771780000,0x0000000771780000,0x0000000772180000)
 ParOldGen       total 169472K, used 4880K [0x00000006c8a00000, 0x00000006d2f80000, 0x000000076d900000)
  object space 169472K, 2% used [0x00000006c8a00000,0x00000006c8ec40f8,0x00000006d2f80000)
 Metaspace       used 20774K, capacity 21146K, committed 21296K, reserved 1069056K
  class space    used 2471K, capacity 2596K, committed 2688K, reserved 1048576K
Event: 4.458 GC heap after
Heap after GC invocations=3 (full 1):
 PSYoungGen      total 74240K, used 0K [0x000000076d900000, 0x0000000772b80000, 0x00000007c0000000)
  eden space 64000K, 0% used [0x000000076d900000,0x000000076d900000,0x0000000771780000)
  from space 10240K, 0% used [0x0000000772180000,0x0000000772180000,0x0000000772b80000)
  to   space 10240K, 0% used [0x0000000771780000,0x0000000771780000,0x0000000772180000)
 ParOldGen       total 113664K, used 9416K [0x00000006c8a00000, 0x00000006cf900000, 0x000000076d900000)
  object space 113664K, 8% used [0x00000006c8a00000,0x00000006c9332020,0x00000006cf900000)
 Metaspace       used 20774K, capacity 21146K, committed 21296K, reserved 1069056K
  class space    used 2471K, capacity 2596K, committed 2688K, reserved 1048576K
}
Event: 8.624 GC heap before
{Heap before GC invocations=4 (full 1):
 PSYoungGen      total 74240K, used 64000K [0x000000076d900000, 0x0000000772b80000, 0x00000007c0000000)
  eden space 64000K, 100% used [0x000000076d900000,0x0000000771780000,0x0000000771780000)
  from space 10240K, 0% used [0x0000000772180000,0x0000000772180000,0x0000000772b80000)
  to   space 10240K, 0% used [0x0000000771780000,0x0000000771780000,0x0000000772180000)
 ParOldGen       total 113664K, used 9416K [0x00000006c8a00000, 0x00000006cf900000, 0x000000076d900000)
  object space 113664K, 8% used [0x00000006c8a00000,0x00000006c9332020,0x00000006cf900000)
 Metaspace       used 28978K, capacity 29421K, committed 29568K, reserved 1075200K
  class space    used 3518K, capacity 3659K, committed 3712K, reserved 1048576K
Event: 8.651 GC heap after
Heap after GC invocations=4 (full 1):
 PSYoungGen      total 74240K, used 10215K [0x000000076d900000, 0x0000000772b80000, 0x00000007c0000000)
  eden space 64000K, 0% used [0x000000076d900000,0x000000076d900000,0x0000000771780000)
  from space 10240K, 99% used [0x0000000771780000,0x0000000772179f20,0x0000000772180000)
  to   space 10240K, 0% used [0x0000000772180000,0x0000000772180000,0x0000000772b80000)
 ParOldGen       total 113664K, used 15270K [0x00000006c8a00000, 0x00000006cf900000, 0x000000076d900000)
  object space 113664K, 13% used [0x00000006c8a00000,0x00000006c98e9b10,0x00000006cf900000)
 Metaspace       used 28978K, capacity 29421K, committed 29568K, reserved 1075200K
  class space    used 3518K, capacity 3659K, committed 3712K, reserved 1048576K
}
Event: 10.824 GC heap before
{Heap before GC invocations=5 (full 1):
 PSYoungGen      total 74240K, used 38648K [0x000000076d900000, 0x0000000772b80000, 0x00000007c0000000)
  eden space 64000K, 44% used [0x000000076d900000,0x000000076f4c4178,0x0000000771780000)
  from space 10240K, 99% used [0x0000000771780000,0x0000000772179f20,0x0000000772180000)
  to   space 10240K, 0% used [0x0000000772180000,0x0000000772180000,0x0000000772b80000)
 ParOldGen       total 113664K, used 15270K [0x00000006c8a00000, 0x00000006cf900000, 0x000000076d900000)
  object space 113664K, 13% used [0x00000006c8a00000,0x00000006c98e9b10,0x00000006cf900000)
 Metaspace       used 34842K, capacity 35354K, committed 35496K, reserved 1081344K
  class space    used 4465K, capacity 4591K, committed 4608K, reserved 1048576K
Event: 10.884 GC heap after
Heap after GC invocations=5 (full 1):
 PSYoungGen      total 74240K, used 10225K [0x000000076d900000, 0x0000000774980000, 0x00000007c0000000)
  eden space 64000K, 0% used [0x000000076d900000,0x000000076d900000,0x0000000771780000)
  from space 10240K, 99% used [0x0000000772180000,0x0000000772b7c650,0x0000000772b80000)
  to   space 10240K, 0% used [0x0000000771780000,0x0000000771780000,0x0000000772180000)
 ParOldGen       total 113664K, used 19478K [0x00000006c8a00000, 0x00000006cf900000, 0x000000076d900000)
  object space 113664K, 17% used [0x00000006c8a00000,0x00000006c9d05880,0x00000006cf900000)
 Metaspace       used 34842K, capacity 35354K, committed 35496K, reserved 1081344K
  class space    used 4465K, capacity 4591K, committed 4608K, reserved 1048576K
}
Event: 10.884 GC heap before
{Heap before GC invocations=6 (full 2):
 PSYoungGen      total 74240K, used 10225K [0x000000076d900000, 0x0000000774980000, 0x00000007c0000000)
  eden space 64000K, 0% used [0x000000076d900000,0x000000076d900000,0x0000000771780000)
  from space 10240K, 99% used [0x0000000772180000,0x0000000772b7c650,0x0000000772b80000)
  to   space 10240K, 0% used [0x0000000771780000,0x0000000771780000,0x0000000772180000)
 ParOldGen       total 113664K, used 19478K [0x00000006c8a00000, 0x00000006cf900000, 0x000000076d900000)
  object space 113664K, 17% used [0x00000006c8a00000,0x00000006c9d05880,0x00000006cf900000)
 Metaspace       used 34842K, capacity 35354K, committed 35496K, reserved 1081344K
  class space    used 4465K, capacity 4591K, committed 4608K, reserved 1048576K
Event: 11.056 GC heap after
Heap after GC invocations=6 (full 2):
 PSYoungGen      total 74240K, used 0K [0x000000076d900000, 0x0000000774980000, 0x00000007c0000000)
  eden space 64000K, 0% used [0x000000076d900000,0x000000076d900000,0x0000000771780000)
  from space 10240K, 0% used [0x0000000772180000,0x0000000772180000,0x0000000772b80000)
  to   space 10240K, 0% used [0x0000000771780000,0x0000000771780000,0x0000000772180000)
 ParOldGen       total 113664K, used 19898K [0x00000006c8a00000, 0x00000006cf900000, 0x000000076d900000)
  object space 113664K, 17% used [0x00000006c8a00000,0x00000006c9d6eb20,0x00000006cf900000)
 Metaspace       used 34842K, capacity 35354K, committed 35496K, reserved 1081344K
  class space    used 4465K, capacity 4591K, committed 4608K, reserved 1048576K
}

Deoptimization events (10 events):
Event: 11.558 Thread 0x0000000002406000 Uncommon trap: reason=bimorphic action=maybe_recompile pc=0x0000000002b2e564 method=org.jetbrains.kotlin.protobuf.CodedInputStream.tryRefillBuffer(I)Z @ 177
Event: 11.567 Thread 0x0000000002406000 Uncommon trap: reason=bimorphic action=maybe_recompile pc=0x0000000002b2e564 method=org.jetbrains.kotlin.protobuf.CodedInputStream.tryRefillBuffer(I)Z @ 177
Event: 11.585 Thread 0x0000000002406000 Uncommon trap: reason=unstable_if action=reinterpret pc=0x0000000002de39ac method=org.jetbrains.org.objectweb.asm.ClassReader.readUtf(II[C)Ljava/lang/String; @ 41
Event: 11.590 Thread 0x0000000002406000 Uncommon trap: reason=unstable_if action=reinterpret pc=0x0000000002dd4ff4 method=org.jetbrains.org.objectweb.asm.ClassReader.readUtf(II[C)Ljava/lang/String; @ 41
Event: 11.592 Thread 0x0000000002406000 Uncommon trap: reason=unstable_if action=reinterpret pc=0x0000000002d92e44 method=org.jetbrains.org.objectweb.asm.ClassReader.readUtf(II[C)Ljava/lang/String; @ 41
Event: 11.663 Thread 0x0000000002406000 Uncommon trap: reason=bimorphic action=maybe_recompile pc=0x0000000002b2bca8 method=org.jetbrains.kotlin.protobuf.CodedInputStream.tryRefillBuffer(I)Z @ 177
Event: 11.797 Thread 0x0000000002406000 Uncommon trap: reason=class_check action=maybe_recompile pc=0x0000000002e23b50 method=org.jetbrains.kotlin.load.java.structure.impl.classFiles.BinaryClassSignatureParser.parseParameterizedClassRefSignature(Ljava/text/CharacterIterator;Lorg/jetbrains/kotli
Event: 11.886 Thread 0x0000000002406000 Uncommon trap: reason=class_check action=maybe_recompile pc=0x0000000002e23b50 method=org.jetbrains.kotlin.load.java.structure.impl.classFiles.BinaryClassSignatureParser.parseParameterizedClassRefSignature(Ljava/text/CharacterIterator;Lorg/jetbrains/kotli
Event: 11.886 Thread 0x0000000002406000 Uncommon trap: reason=class_check action=maybe_recompile pc=0x0000000002e23b50 method=org.jetbrains.kotlin.load.java.structure.impl.classFiles.BinaryClassSignatureParser.parseParameterizedClassRefSignature(Ljava/text/CharacterIterator;Lorg/jetbrains/kotli
Event: 11.935 Thread 0x0000000002406000 Uncommon trap: reason=class_check action=maybe_recompile pc=0x0000000002e23b50 method=org.jetbrains.kotlin.load.java.structure.impl.classFiles.BinaryClassSignatureParser.parseParameterizedClassRefSignature(Ljava/text/CharacterIterator;Lorg/jetbrains/kotli

Classes redefined (0 events):
No events

Internal exceptions (10 events):
Event: 3.876 Thread 0x0000000002406000 Exception <a 'java/lang/NoSuchMethodError': java.lang.Object.lambda$static$0(I)[Lorg/jetbrains/kotlin/com/intellij/openapi/editor/event/DocumentListener;> (0x000000076e4311d8) thrown at [C:\src\AOSP-openjdk-git\hotspot\src\share\vm\interpreter\linkResolve
Event: 3.973 Thread 0x0000000002406000 Exception <a 'java/lang/NoSuchMethodError': java.lang.Object.lambda$static$0(I)[Lorg/jetbrains/kotlin/com/intellij/psi/PsiAnnotation;> (0x000000076e64c9b8) thrown at [C:\src\AOSP-openjdk-git\hotspot\src\share\vm\interpreter\linkResolver.cpp, line 620]
Event: 4.169 Thread 0x0000000002406000 Exception <a 'java/lang/NoSuchMethodError': java.lang.Object.lambda$static$0(I)[Lorg/jetbrains/kotlin/com/intellij/psi/PsiElement;> (0x000000076eaa4a70) thrown at [C:\src\AOSP-openjdk-git\hotspot\src\share\vm\interpreter\linkResolver.cpp, line 620]
Event: 7.876 Thread 0x0000000002406000 Exception <a 'java/lang/ArrayIndexOutOfBoundsException': 126> (0x00000007706f0b40) thrown at [C:\src\AOSP-openjdk-git\hotspot\src\share\vm\interpreter\interpreterRuntime.cpp, line 368]
Event: 7.877 Thread 0x0000000002406000 Exception <a 'java/lang/ArrayIndexOutOfBoundsException': 86> (0x00000007706f1fc8) thrown at [C:\src\AOSP-openjdk-git\hotspot\src\share\vm\interpreter\interpreterRuntime.cpp, line 368]
Event: 10.078 Thread 0x0000000002406000 Exception <a 'java/lang/NoSuchMethodError': java.lang.Object.lambda$static$0(I)[Lorg/jetbrains/kotlin/psi/KtExpression;> (0x000000076ee03ce0) thrown at [C:\src\AOSP-openjdk-git\hotspot\src\share\vm\interpreter\linkResolver.cpp, line 620]
Event: 10.146 Thread 0x0000000002406000 Implicit null exception at 0x0000000002c8b3bd to 0x0000000002c8b4dd
Event: 10.173 Thread 0x0000000002406000 Implicit null exception at 0x0000000002c8b910 to 0x0000000002c8b9e1
Event: 10.529 Thread 0x0000000002406000 Exception <a 'java/lang/NoSuchMethodError': java.lang.Object.lambda$static$0(I)[Lorg/jetbrains/kotlin/psi/KtDeclaration;> (0x000000076f117648) thrown at [C:\src\AOSP-openjdk-git\hotspot\src\share\vm\interpreter\linkResolver.cpp, line 620]
Event: 10.660 Thread 0x0000000002406000 Exception <a 'java/lang/NoSuchMethodError': java.lang.Object.lambda$static$0(I)[Lorg/jetbrains/kotlin/psi/KtTypeElement;> (0x000000076f27e030) thrown at [C:\src\AOSP-openjdk-git\hotspot\src\share\vm\interpreter\linkResolver.cpp, line 620]

Events (10 events):
Event: 11.817 Thread 0x000000001b6d4800 flushing nmethod 0x00000000026c8350
Event: 11.886 Thread 0x0000000002406000 Uncommon trap: trap_request=0xffffffde fr.pc=0x0000000002e23b50
Event: 11.886 Thread 0x0000000002406000 DEOPT PACKING pc=0x0000000002e23b50 sp=0x00000000023fae30
Event: 11.886 Thread 0x0000000002406000 DEOPT UNPACKING pc=0x000000000254557b sp=0x00000000023fadd8 mode 2
Event: 11.886 Thread 0x0000000002406000 Uncommon trap: trap_request=0xffffffde fr.pc=0x0000000002e23b50
Event: 11.886 Thread 0x0000000002406000 DEOPT PACKING pc=0x0000000002e23b50 sp=0x00000000023fae30
Event: 11.886 Thread 0x0000000002406000 DEOPT UNPACKING pc=0x000000000254557b sp=0x00000000023fadd8 mode 2
Event: 11.935 Thread 0x0000000002406000 Uncommon trap: trap_request=0xffffffde fr.pc=0x0000000002e23b50
Event: 11.935 Thread 0x0000000002406000 DEOPT PACKING pc=0x0000000002e23b50 sp=0x00000000023fb550
Event: 11.935 Thread 0x0000000002406000 DEOPT UNPACKING pc=0x000000000254557b sp=0x00000000023fb4f8 mode 2


Dynamic libraries:
0x00007ff6cb140000 - 0x00007ff6cb171000 	C:\Program Files\Android\Android Studio\jre\jre\bin\java.exe
0x00007ffda2180000 - 0x00007ffda2370000 	C:\WINDOWS\SYSTEM32\ntdll.dll
0x00007ffda1d60000 - 0x00007ffda1e12000 	C:\WINDOWS\System32\KERNEL32.DLL
0x00007ffd9f290000 - 0x00007ffd9f535000 	C:\WINDOWS\System32\KERNELBASE.dll
0x00007ffda11a0000 - 0x00007ffda1243000 	C:\WINDOWS\System32\ADVAPI32.dll
0x00007ffda0470000 - 0x00007ffda050e000 	C:\WINDOWS\System32\msvcrt.dll
0x00007ffda1380000 - 0x00007ffda1417000 	C:\WINDOWS\System32\sechost.dll
0x00007ffda2020000 - 0x00007ffda2140000 	C:\WINDOWS\System32\RPCRT4.dll
0x00007ffda1aa0000 - 0x00007ffda1c34000 	C:\WINDOWS\System32\USER32.dll
0x00007ffd9f540000 - 0x00007ffd9f561000 	C:\WINDOWS\System32\win32u.dll
0x00007ffda12c0000 - 0x00007ffda12e6000 	C:\WINDOWS\System32\GDI32.dll
0x00007ffd9f0f0000 - 0x00007ffd9f286000 	C:\WINDOWS\System32\gdi32full.dll
0x00007ffd9ffe0000 - 0x00007ffda007e000 	C:\WINDOWS\System32\msvcp_win.dll
0x00007ffd9f5a0000 - 0x00007ffd9f69a000 	C:\WINDOWS\System32\ucrtbase.dll
0x00007ffd8c060000 - 0x00007ffd8c2e4000 	C:\WINDOWS\WinSxS\amd64_microsoft.windows.common-controls_6595b64144ccf1df_6.0.18362.1256_none_9e7e379be45e40e2\COMCTL32.dll
0x00007ffda0570000 - 0x00007ffda08a6000 	C:\WINDOWS\System32\combase.dll
0x00007ffd9f6a0000 - 0x00007ffd9f721000 	C:\WINDOWS\System32\bcryptPrimitives.dll
0x00007ffda1110000 - 0x00007ffda113e000 	C:\WINDOWS\System32\IMM32.DLL
0x0000000058300000 - 0x00000000583d2000 	C:\Program Files\Android\Android Studio\jre\jre\bin\msvcr100.dll
0x00000000574d0000 - 0x0000000057d1b000 	C:\Program Files\Android\Android Studio\jre\jre\bin\server\jvm.dll
0x00007ffda0460000 - 0x00007ffda0468000 	C:\WINDOWS\System32\PSAPI.DLL
0x00007ffd76350000 - 0x00007ffd76359000 	C:\WINDOWS\SYSTEM32\WSOCK32.dll
0x00007ffd9bca0000 - 0x00007ffd9bcc4000 	C:\WINDOWS\SYSTEM32\WINMM.dll
0x00007ffda1cf0000 - 0x00007ffda1d5f000 	C:\WINDOWS\System32\WS2_32.dll
0x00007ffd974d0000 - 0x00007ffd974da000 	C:\WINDOWS\SYSTEM32\VERSION.dll
0x00007ffd9bc70000 - 0x00007ffd9bc9d000 	C:\WINDOWS\SYSTEM32\WINMMBASE.dll
0x00007ffd9fec0000 - 0x00007ffd9ff0a000 	C:\WINDOWS\System32\cfgmgr32.dll
0x00007ffd9b940000 - 0x00007ffd9b94f000 	C:\Program Files\Android\Android Studio\jre\jre\bin\verify.dll
0x00007ffd9b850000 - 0x00007ffd9b879000 	C:\Program Files\Android\Android Studio\jre\jre\bin\java.dll
0x00007ffd9b8a0000 - 0x00007ffd9b8b6000 	C:\Program Files\Android\Android Studio\jre\jre\bin\zip.dll
0x00007ffda08b0000 - 0x00007ffda0f97000 	C:\WINDOWS\System32\SHELL32.dll
0x00007ffda1e20000 - 0x00007ffda1ec9000 	C:\WINDOWS\System32\shcore.dll
0x00007ffd9f730000 - 0x00007ffd9feb1000 	C:\WINDOWS\System32\windows.storage.dll
0x00007ffd9f080000 - 0x00007ffd9f0a3000 	C:\WINDOWS\System32\profapi.dll
0x00007ffd9f030000 - 0x00007ffd9f07a000 	C:\WINDOWS\System32\powrprof.dll
0x00007ffd9f020000 - 0x00007ffd9f030000 	C:\WINDOWS\System32\UMPDC.dll
0x00007ffda0510000 - 0x00007ffda0562000 	C:\WINDOWS\System32\shlwapi.dll
0x00007ffd9f0d0000 - 0x00007ffd9f0e1000 	C:\WINDOWS\System32\kernel.appcore.dll
0x00007ffd9ffc0000 - 0x00007ffd9ffd7000 	C:\WINDOWS\System32\cryptsp.dll
0x00007ffd99640000 - 0x00007ffd9965a000 	C:\Program Files\Android\Android Studio\jre\jre\bin\net.dll
0x00007ffd9e810000 - 0x00007ffd9e877000 	C:\WINDOWS\system32\mswsock.dll
0x00007ffd99620000 - 0x00007ffd99633000 	C:\Program Files\Android\Android Studio\jre\jre\bin\nio.dll

VM Arguments:
java_command: org.jetbrains.kotlin.cli.jvm.K2JVMCompiler -Xallow-no-source-files -classpath D:\NKS\Dizzy\DizzyNKS\app\build\intermediates\compile_and_runtime_not_namespaced_r_class_jar\debug\R.jar;C:\Users\Azra\.gradle\caches\transforms-2\files-2.1\111077b0db78ef3fcad9348046196b6e\jetified-core-ktx-1.3.2-api.jar;C:\Users\Azra\.gradle\caches\transforms-2\files-2.1\9a1212f9acc632d5c16f61221bda09c8\jetified-kotlin-stdlib-1.3.72.jar;C:\Users\Azra\.gradle\caches\transforms-2\files-2.1\98b135ca5530f4691bc62ee350929d74\jetified-kotlin-stdlib-common-1.3.72.jar;C:\Users\Azra\.gradle\caches\transforms-2\files-2.1\738b8f6340cb190d3636425276bab464\jetified-annotations-13.0.jar;C:\Users\Azra\.gradle\caches\transforms-2\files-2.1\7fe096340b349890ff0b89713a89dcf3\material-1.2.1-api.jar;C:\Users\Azra\.gradle\caches\transforms-2\files-2.1\c66f3a1d2214330f967b1ef88c8fd196\constraintlayout-2.0.4-api.jar;C:\Users\Azra\.gradle\caches\transforms-2\files-2.1\b1a8a891ff0304d52e09ba26c427d3f4\appcompat-1.2.0-api.jar;C:\Users\Azra\.gradle\caches\transforms-2\files-2.1\329fb92948d6884bd7fda21ee178e98d\jetified-sceneform-ux-1.17.1-api.jar;C:\Users\Azra\.gradle\caches\transforms-2\files-2.1\e57a9e602fe64a982e1e18d0c0c847a1\jetified-viewpager2-1.0.0-api.jar;C:\Users\Azra\.gradle\caches\transforms-2\files-2.1\78e3466b1d7a14defe2ce43991ff639a\jetified-play-services-location-17.1.0-api.jar;C:\Users\Azra\.gradle\caches\transforms-2\files-2.1\2e8e0b3b52d8a220380d919237d8b579\jetified-play-services-base-17.3.0-api.jar;C:\Users\Azra\.gradle\caches\transforms-2\files-2.1\07fab7b89e95224e041701b365ee38ca\jetified-play-services-places-placereport-17.0.0-api.jar;C:\Users\Azra\.gradle\caches\transforms-2\files-2.1\ef095315b110aecaaab7423ddeb2c75b\jetified-play-services-tasks-17.1.0-api.jar;C:\Users\Azra\.gradle\caches\transforms-2\files-2.1\1d69a98dcb8291857b940a5c6d438ae2\jetified-play-services-basement-17.3.0-api.jar;C:\Users\Azra\.gradle\caches\transforms-2\files-2.1\cc217948a586a9f47acb8bf21632c7be\fr
java_class_path (initial): C:\Users\Azra\.gradle\caches\modules-2\files-2.1\org.jetbrains.kotlin\kotlin-compiler-embeddable\1.3.72\fb72232c8fa977d5e07d33c43381ddbdc5edab6\kotlin-compiler-embeddable-1.3.72.jar;C:\Users\Azra\.gradle\caches\modules-2\files-2.1\org.jetbrains.kotlin\kotlin-reflect\1.3.72\86613e1a669a701b0c660bfd2af4f82a7ae11fca\kotlin-reflect-1.3.72.jar;C:\Users\Azra\.gradle\caches\modules-2\files-2.1\org.jetbrains.kotlin\kotlin-stdlib\1.3.72\8032138f12c0180bc4e51fe139d4c52b46db6109\kotlin-stdlib-1.3.72.jar;C:\Users\Azra\.gradle\caches\modules-2\files-2.1\org.jetbrains.kotlin\kotlin-script-runtime\1.3.72\657d8d34d91e1964b4439378c09933e840bfe8d5\kotlin-script-runtime-1.3.72.jar;C:\Users\Azra\.gradle\caches\modules-2\files-2.1\org.jetbrains.kotlin\kotlin-daemon-embeddable\1.3.72\53bbaa2816dbf6bdb85f629451b1fcc88f2164d2\kotlin-daemon-embeddable-1.3.72.jar;C:\Users\Azra\.gradle\caches\modules-2\files-2.1\org.jetbrains.intellij.deps\trove4j\1.0.20181211\216c2e14b070f334479d800987affe4054cd563f\trove4j-1.0.20181211.jar;C:\Users\Azra\.gradle\caches\modules-2\files-2.1\org.jetbrains.kotlin\kotlin-stdlib-common\1.3.72\6ca8bee3d88957eaaaef077c41c908c9940492d8\kotlin-stdlib-common-1.3.72.jar;C:\Users\Azra\.gradle\caches\modules-2\files-2.1\org.jetbrains\annotations\13.0\919f0dfe192fb4e063e7dacadee7f8bb9a2672a9\annotations-13.0.jar;C:\Program Files\Android\Android Studio\jre\lib\tools.jar
Launcher Type: SUN_STANDARD

Environment Variables:
JAVA_HOME=C:\Program Files\Java\jdk-15.0.1
PATH=C:\WINDOWS\system32;C:\WINDOWS;C:\WINDOWS\System32\Wbem;C:\WINDOWS\System32\WindowsPowerShell\v1.0\;C:\WINDOWS\System32\OpenSSH\;C:\Program Files\dotnet\;C:\Program Files\Microsoft SQL Server\130\Tools\Binn\;C:\Program Files\Git\cmd;C:\Program Files\nodejs\;C:\Program Files (x86)\Microsoft SQL Server\150\Tools\Binn\;C:\Program Files\Microsoft SQL Server\150\Tools\Binn\;C:\Program Files (x86)\Microsoft SQL Server\150\DTS\Binn\;C:\Program Files\Microsoft SQL Server\150\DTS\Binn\;C:\Program Files\Microsoft SQL Server\Client SDK\ODBC\170\Tools\Binn\;C:\Program Files\Azure Data Studio\bin;C:\Program Files (x86)\dotnet\;C:\Users\Azra\AppData\Local\Programs\Python\Python37-32\Scripts\;C:\Users\Azra\AppData\Local\Programs\Python\Python37-32\;C:\Program Files\MySQL\MySQL Shell 8.0\bin\;C:\Users\Azra\.dotnet\tools;C:\Program Files\JetBrains\WebStorm 2019.2\bin;;C:\Program Files\JetBrains\PyCharm Community Edition 2019.2\bin;;C:\php\php;C:\Program Files\JetBrains\JetBrains Rider 2019.3.1\bin;;C:\Users\Azra\AppData\Local\Microsoft\WindowsApps;C:\Users\Azra\tickmark;C:\Users\Azra\AppData\Roaming\npm;C:\Users\Azra\AppData\Local\Programs\Microsoft VS Code\bin;C:\Users\Azra\Desktop\mingw32\bin;;C:\Program Files\Azure Data Studio\bin;C:\Users\Azra\.dotnet\tools
USERNAME=Azra
OS=Windows_NT
PROCESSOR_IDENTIFIER=AMD64 Family 21 Model 101 Stepping 1, AuthenticAMD



---------------  S Y S T E M  ---------------

OS: Windows 10.0 , 64 bit Build 18362 (10.0.18362.1110)

CPU:total 4 (initial active 4) (4 cores per cpu, 1 threads per core) family 21 model 101 stepping 1, cmov, cx8, fxsr, mmx, sse, sse2, sse3, ssse3, sse4.1, sse4.2, popcnt, avx, avx2, aes, clmul, mmxext, 3dnowpref, lzcnt, sse4a, tsc, tscinvbit, tscinv, bmi1

Memory: 4k page, physical 16209080k(2604436k free), swap 16209080k(5160k free)

vm_info: OpenJDK 64-Bit Server VM (25.242-b01) for windows-amd64 JRE (1.8.0_242-release-1644-b01), built by "builder" with MS VC++ 10.0 (VS2010)

time: Fri Dec 25 20:52:44 2020
timezone: Central European Standard Time
elapsed time: 12 seconds (0d 0h 0m 12s)

